Using pre-set license
Built from '2020.3/staging' branch; Version is '2020.3.16f1 (049d6eca3c44) revision 302446'; Using compiler version '192528614'; Build Type 'Release'
OS: 'Windows 10 Home; OS build 19042.1348; Version 2009; 64bit' Language: 'en' Physical Memory: 32618 MB
BatchMode: 1, IsHumanControllingUs: 0, StartBugReporterOnCrash: 0, Is64bit: 1, IsPro: 0

 COMMAND LINE ARGUMENTS:
C:\Program Files\Unity\Hub\Editor\2020.3.16f1\Editor\Unity.exe
-adb2
-batchMode
-noUpm
-name
AssetImportWorker0
-projectPath
C:/Users/Canne/OneDrive/Documents/git/UVU_DGM1610_Fall2021/Prototype 3 - First Person/Prototype 3 - First Person
-logFile
Logs/AssetImportWorker0.log
-srvPort
58837
Successfully changed project path to: C:/Users/Canne/OneDrive/Documents/git/UVU_DGM1610_Fall2021/Prototype 3 - First Person/Prototype 3 - First Person
C:/Users/Canne/OneDrive/Documents/git/UVU_DGM1610_Fall2021/Prototype 3 - First Person/Prototype 3 - First Person
Using Asset Import Pipeline V2.
Refreshing native plugins compatible for Editor in 26.51 ms, found 2 plugins.
Preloading 0 native plugins for Editor in 0.00 ms.
Initialize engine version: 2020.3.16f1 (049d6eca3c44)
[Subsystems] Discovering subsystems at path C:/Program Files/Unity/Hub/Editor/2020.3.16f1/Editor/Data/Resources/UnitySubsystems
[Subsystems] Discovering subsystems at path C:/Users/Canne/OneDrive/Documents/git/UVU_DGM1610_Fall2021/Prototype 3 - First Person/Prototype 3 - First Person/Assets
GfxDevice: creating device client; threaded=0
Direct3D:
    Version:  Direct3D 11.0 [level 11.1]
    Renderer: NVIDIA GeForce RTX 3060 (ID=0x2504)
    Vendor:   
    VRAM:     12143 MB
    Driver:   30.0.14.7196
Initialize mono
Mono path[0] = 'C:/Program Files/Unity/Hub/Editor/2020.3.16f1/Editor/Data/Managed'
Mono path[1] = 'C:/Program Files/Unity/Hub/Editor/2020.3.16f1/Editor/Data/MonoBleedingEdge/lib/mono/unityjit'
Mono config path = 'C:/Program Files/Unity/Hub/Editor/2020.3.16f1/Editor/Data/MonoBleedingEdge/etc'
Using monoOptions --debugger-agent=transport=dt_socket,embedding=1,server=y,suspend=n,address=127.0.0.1:56164
Begin MonoManager ReloadAssembly
Registering precompiled unity dll's ...
Register platform support module: C:/Program Files/Unity/Hub/Editor/2020.3.16f1/Editor/Data/PlaybackEngines/WebGLSupport/UnityEditor.WebGL.Extensions.dll
Register platform support module: C:/Program Files/Unity/Hub/Editor/2020.3.16f1/Editor/Data/PlaybackEngines/WindowsStandaloneSupport/UnityEditor.WindowsStandalone.Extensions.dll
Registered in 0.002094 seconds.
Native extension for WindowsStandalone target not found
Native extension for WebGL target not found
Refreshing native plugins compatible for Editor in 24.93 ms, found 2 plugins.
Preloading 0 native plugins for Editor in 0.00 ms.
Mono: successfully reloaded assembly
- Completed reload, in  0.970 seconds
Domain Reload Profiling:
	ReloadAssembly (970ms)
		BeginReloadAssembly (47ms)
			ExecutionOrderSort (0ms)
			DisableScriptedObjects (0ms)
			BackupInstance (0ms)
			ReleaseScriptingObjects (0ms)
			CreateAndSetChildDomain (1ms)
		EndReloadAssembly (358ms)
			LoadAssemblies (45ms)
			RebuildTransferFunctionScriptingTraits (0ms)
			SetupTypeCache (138ms)
			ReleaseScriptCaches (0ms)
			RebuildScriptCaches (28ms)
			SetupLoadedEditorAssemblies (136ms)
				LogAssemblyErrors (0ms)
				InitializePlatformSupportModulesInManaged (5ms)
				SetLoadedEditorAssemblies (0ms)
				RefreshPlugins (25ms)
				BeforeProcessingInitializeOnLoad (7ms)
				ProcessInitializeOnLoadAttributes (73ms)
				ProcessInitializeOnLoadMethodAttributes (25ms)
				AfterProcessingInitializeOnLoad (0ms)
				EditorAssembliesLoaded (0ms)
			ExecutionOrderSort2 (0ms)
			AwakeInstancesAfterBackupRestoration (0ms)
Platform modules already initialized, skipping
Registering precompiled user dll's ...
Registered in 0.003442 seconds.
Begin MonoManager ReloadAssembly
Native extension for WindowsStandalone target not found
Native extension for WebGL target not found
Refreshing native plugins compatible for Editor in 0.29 ms, found 2 plugins.
Preloading 0 native plugins for Editor in 0.00 ms.
Mono: successfully reloaded assembly
- Completed reload, in  0.951 seconds
Domain Reload Profiling:
	ReloadAssembly (952ms)
		BeginReloadAssembly (127ms)
			ExecutionOrderSort (0ms)
			DisableScriptedObjects (4ms)
			BackupInstance (0ms)
			ReleaseScriptingObjects (0ms)
			CreateAndSetChildDomain (16ms)
		EndReloadAssembly (767ms)
			LoadAssemblies (75ms)
			RebuildTransferFunctionScriptingTraits (0ms)
			SetupTypeCache (237ms)
			ReleaseScriptCaches (0ms)
			RebuildScriptCaches (38ms)
			SetupLoadedEditorAssemblies (329ms)
				LogAssemblyErrors (0ms)
				InitializePlatformSupportModulesInManaged (5ms)
				SetLoadedEditorAssemblies (0ms)
				RefreshPlugins (0ms)
				BeforeProcessingInitializeOnLoad (48ms)
				ProcessInitializeOnLoadAttributes (266ms)
				ProcessInitializeOnLoadMethodAttributes (3ms)
				AfterProcessingInitializeOnLoad (6ms)
				EditorAssembliesLoaded (0ms)
			ExecutionOrderSort2 (0ms)
			AwakeInstancesAfterBackupRestoration (7ms)
Platform modules already initialized, skipping
========================================================================
Worker process is ready to serve import requests
Launched and connected shader compiler UnityShaderCompiler.exe after 0.09 seconds
Refreshing native plugins compatible for Editor in 0.35 ms, found 2 plugins.
Preloading 0 native plugins for Editor in 0.00 ms.
Unloading 1404 Unused Serialized files (Serialized files now loaded: 0)
System memory in use before: 65.7 MB.
System memory in use after: 65.8 MB.

Unloading 18 unused Assets to reduce memory usage. Loaded Objects now: 1838.
Total: 2.644900 ms (FindLiveObjects: 0.168200 ms CreateObjectMapping: 0.044500 ms MarkObjects: 2.367100 ms  DeleteObjects: 0.063700 ms)

AssetImportParameters requested are different than current active one (requested -> active):
  custom:framework-win-MediaFoundation: 216162199b28c13a410421893ffa2e32 -> 
  custom:video-decoder-ogg-theora: a1e56fd34408186e4bbccfd4996cb3dc -> 
  custom:container-muxer-webm: aa71ff27fc2769a1b78a27578f13a17b -> 
  custom:container-demuxer-webm: 4f35f7cbe854078d1ac9338744f61a02 -> 
  custom:container-demuxer-ogg: 62fdf1f143b41e24485cea50d1cbac27 -> 
  custom:video-encoder-webm-vp8: eb34c28f22e8b96e1ab97ce403110664 -> 
  custom:video-decoder-webm-vp8: 9c59270c3fd7afecdb556c50c9e8de78 -> 
  custom:audio-decoder-ogg-vorbis: bf7c407c2cedff20999df2af8eb42d56 -> 
  custom:audio-encoder-webm-vorbis: bf7c407c2cedff20999df2af8eb42d56 -> 
========================================================================
Received Import Request.
  path: Assets/Scripts/MenuUI.cs
  artifactKey: Guid(d3fd50f8af1497644b23a590cca78928) Importer(815301076,1909f56bfc062723c751e8b465ee728b)
Start importing Assets/Scripts/MenuUI.cs using Guid(d3fd50f8af1497644b23a590cca78928) Importer(815301076,1909f56bfc062723c751e8b465ee728b)  -> (artifact id: 'f9418d2fc992388ea7b35bc25847a3cc') in 0.030277 seconds 
  Import took 0.032344 seconds .

========================================================================
Received Import Request.
  Time since last request: 37.572118 seconds.
  path: Assets/Scripts/MenuUI.cs
  artifactKey: Guid(d3fd50f8af1497644b23a590cca78928) Importer(815301076,1909f56bfc062723c751e8b465ee728b)
Start importing Assets/Scripts/MenuUI.cs using Guid(d3fd50f8af1497644b23a590cca78928) Importer(815301076,1909f56bfc062723c751e8b465ee728b)  -> (artifact id: '8ea31fc5f57dbc07dd6c8b6a230959c8') in 0.006085 seconds 
  Import took 0.008112 seconds .

========================================================================
Received Import Request.
  Time since last request: 9.293860 seconds.
  path: Assets/Scripts/GameUI.cs
  artifactKey: Guid(c59cfa42c6857f04ea4e144b9c349868) Importer(815301076,1909f56bfc062723c751e8b465ee728b)
Start importing Assets/Scripts/GameUI.cs using Guid(c59cfa42c6857f04ea4e144b9c349868) Importer(815301076,1909f56bfc062723c751e8b465ee728b)  -> (artifact id: '8e7ff56ffdf7aa869dfe47fc22f46785') in 0.007039 seconds 
  Import took 0.009661 seconds .

========================================================================
Received Import Request.
  Time since last request: 41.808107 seconds.
  path: Assets/Scripts/GameUI.cs
  artifactKey: Guid(c59cfa42c6857f04ea4e144b9c349868) Importer(815301076,1909f56bfc062723c751e8b465ee728b)
Start importing Assets/Scripts/GameUI.cs using Guid(c59cfa42c6857f04ea4e144b9c349868) Importer(815301076,1909f56bfc062723c751e8b465ee728b)  -> (artifact id: '7094b006ebfada94b8545b31fbe906c8') in 0.004101 seconds 
  Import took 0.006706 seconds .

========================================================================
Received Import Request.
  Time since last request: 18.607093 seconds.
  path: Assets/Scripts/GameManager.cs
  artifactKey: Guid(b3a0db2063f12134eb2a7e1bd9e6609f) Importer(815301076,1909f56bfc062723c751e8b465ee728b)
Start importing Assets/Scripts/GameManager.cs using Guid(b3a0db2063f12134eb2a7e1bd9e6609f) Importer(815301076,1909f56bfc062723c751e8b465ee728b)  -> (artifact id: 'd23c05e9926845123e705134b8af3a01') in 0.007422 seconds 
  Import took 0.009533 seconds .

========================================================================
Received Import Request.
  Time since last request: 12.010489 seconds.
  path: Assets/Scripts/GameManager.cs
  artifactKey: Guid(b3a0db2063f12134eb2a7e1bd9e6609f) Importer(815301076,1909f56bfc062723c751e8b465ee728b)
Start importing Assets/Scripts/GameManager.cs using Guid(b3a0db2063f12134eb2a7e1bd9e6609f) Importer(815301076,1909f56bfc062723c751e8b465ee728b)  -> (artifact id: 'dd5f3e62b58cd5bb833306b4b4068b30') in 0.008072 seconds 
  Import took 0.010465 seconds .

========================================================================
Received Import Request.
  Time since last request: 109.191294 seconds.
  path: Assets/Scripts/PlayerController.cs
  artifactKey: Guid(bacf46211b55b904eb54747d783da915) Importer(815301076,1909f56bfc062723c751e8b465ee728b)
Start importing Assets/Scripts/PlayerController.cs using Guid(bacf46211b55b904eb54747d783da915) Importer(815301076,1909f56bfc062723c751e8b465ee728b)  -> (artifact id: '47f3d6551febab46ba5a366b85dd9653') in 0.007833 seconds 
  Import took 0.010092 seconds .

========================================================================
Received Import Request.
  Time since last request: 0.596011 seconds.
  path: Assets/Scripts/Enemy.cs
  artifactKey: Guid(1473f980bf7bed84199070c9cb2373eb) Importer(815301076,1909f56bfc062723c751e8b465ee728b)
Start importing Assets/Scripts/Enemy.cs using Guid(1473f980bf7bed84199070c9cb2373eb) Importer(815301076,1909f56bfc062723c751e8b465ee728b)  -> (artifact id: 'e8be21b0cb625e15d4434153d4fce6a2') in 0.006640 seconds 
  Import took 0.008663 seconds .

AssetImportWorkerClient::OnTransportError - code=2 error=End of file
